[2026-04-02T06:34:02.365Z] INFO: Server started on port 5000
[2026-04-02T06:41:39.955Z] INFO: Incoming Request: POST /api/auth/login - IP: ::1 - Body: {"email":"basim@example.com","password":"*****"}
[2026-04-02T06:41:41.012Z] INFO: Outgoing Response: POST /api/auth/login - Status: 200 - Time: 1057.06ms
[2026-04-02T06:52:22.108Z] INFO: Incoming Request: POST /api/auth/login - IP: ::1 - Body: {"email":"basi@example.com","password":"*****"}
[2026-04-02T06:52:22.446Z] ERROR: Application Error: Invalid credentials.
[2026-04-02T06:52:22.474Z] WARN: Outgoing Response: POST /api/auth/login - Status: 400 - Time: 363.45ms
[2026-04-02T06:54:42.285Z] INFO: Server started on port 5000
[2026-04-02T06:55:25.998Z] INFO: Server started on port 5000
[2026-04-02T06:55:42.338Z] INFO: Server started on port 5000
[2026-04-02T07:10:28.951Z] INFO: Server started on port 5000
[2026-04-02T07:11:39.424Z] INFO: Incoming Request: POST /api/auth/login - IP: ::1 - Body: {"email":"basim@example.com","password":"*****"}
[2026-04-02T07:11:40.187Z] INFO: Outgoing Response: POST /api/auth/login - Status: 200 - Time: 761.75ms
[2026-04-02T07:12:09.601Z] INFO: Server started on port 5000
[2026-04-02T10:10:13.964Z] INFO: Incoming Request: POST /api/auth/login - IP: ::1 - Body: {"email":"basim@example.com","password":"*****"}
[2026-04-02T10:10:14.623Z] INFO: Outgoing Response: POST /api/auth/login - Status: 200 - Time: 661.24ms
[2026-04-02T10:22:34.114Z] INFO: Server started on port 5000
[2026-04-02T10:22:52.614Z] INFO: Server started on port 5000
[2026-04-02T10:23:12.688Z] INFO: Server started on port 5000
[2026-04-02T10:23:34.363Z] INFO: Server started on port 5000
[2026-04-02T10:26:56.776Z] INFO: Server started on port 5000
[2026-04-02T12:57:41.138Z] INFO: POST /api/auth/login - Status: 200 - Time: 965ms
[2026-04-02T07:05:00.323Z] INFO: Server started on port 5000
[2026-04-02T07:05:20.478Z] INFO: Incoming Request: POST /api/workspaces/create - IP: ::1 - Body: {"name":"Azlana Workspaces","description":"Optional description"}
[2026-04-02T07:05:21.071Z] INFO: Outgoing Response: POST /api/workspaces/create - Status: 201 - Time: 591.75ms
[2026-04-02T07:05:33.506Z] INFO: Incoming Request: DELETE /api/workspaces/delete - IP: ::1 - Body: {"workspace_id":"69ce1530d1e4839037d7cfcd"}
[2026-04-02T07:05:34.070Z] INFO: Outgoing Response: DELETE /api/workspaces/delete - Status: 200 - Time: 564.02ms
[2026-04-02T07:07:13.730Z] INFO: Server started on port 5000
[2026-04-02T07:08:38.658Z] INFO: Server started on port 5000
[2026-04-02T07:08:46.434Z] INFO: Server started on port 5000
[2026-04-02T07:08:55.900Z] INFO: Server started on port 5000
[2026-04-02T07:09:02.839Z] INFO: Server started on port 5000
[2026-04-02T07:13:26.770Z] INFO: Incoming Request: POST /api/workspaces/add-member - IP: ::1 - Body: {"workspace_id":"69ce1530d1e4839037d7cfcd","members":["69cd1164a75020cf474308a1"]}
[2026-04-02T07:13:27.266Z] ERROR: Application Error: Workspace not found.
[2026-04-02T07:13:27.277Z] WARN: Outgoing Response: POST /api/workspaces/add-member - Status: 404 - Time: 505.98ms
[2026-04-02T07:13:49.614Z] INFO: Incoming Request: POST /api/workspaces/add-member - IP: ::1 - Body: {"workspace_id":"69ce1530d1e4839037d7cfcd","members":["69cd1164a75020cf474308a1"]}
[2026-04-02T07:13:50.064Z] ERROR: Application Error: Workspace not found.
[2026-04-02T07:13:50.067Z] WARN: Outgoing Response: POST /api/workspaces/add-member - Status: 404 - Time: 452.64ms
[2026-04-02T07:14:07.680Z] INFO: Incoming Request: POST /api/workspaces/add-member - IP: ::1 - Body: {"workspace_id":"69ce1530d1e4839037d7cfcd","members":["69cd1164a75020cf47438a1"]}
[2026-04-02T07:14:07.959Z] ERROR: Unhandled Error: "members[0]" with value "69cd1164a75020cf47438a1" fails to match the required pattern: /^[0-9a-fA-F]{24}$/
Stack: ValidationError: "members[0]" with value "69cd1164a75020cf47438a1" fails to match the required pattern: /^[0-9a-fA-F]{24}$/
[2026-04-02T07:14:07.961Z] WARN: Outgoing Response: POST /api/workspaces/add-member - Status: 422 - Time: 280.54ms
[2026-04-02T07:39:25.922Z] INFO: Server started on port 5000
[2026-04-02T07:39:42.092Z] INFO: Server started on port 5000
[2026-04-02T07:39:54.744Z] INFO: Server started on port 5000
[2026-04-02T07:40:09.889Z] INFO: Server started on port 5000
[2026-04-02T07:40:18.356Z] INFO: Server started on port 5000
[2026-04-02T07:40:25.561Z] INFO: Server started on port 5000
[2026-04-02T07:40:30.300Z] INFO: Server started on port 5000
[2026-04-02T07:40:45.110Z] INFO: Server started on port 5000
[2026-04-02T07:40:50.843Z] INFO: Server started on port 5000
[2026-04-02T08:32:24.327Z] INFO: Incoming Request: POST /api/workspace/invite-member - IP: ::1 - Body: {"workspaceId":"69ccbbb73634fcca68c49a32","token":"*****"}
[2026-04-02T08:32:24.338Z] WARN: Outgoing Response: POST /api/workspace/invite-member - Status: 404 - Time: 10.38ms
[2026-04-02T08:33:14.576Z] INFO: Incoming Request: POST /api/workspace/invite-member - IP: ::1 - Body: {"workspace_id":"69ce1530d1e4839037d7cfcd","members":["ahmed@example.com"]}
[2026-04-02T08:33:14.581Z] WARN: Outgoing Response: POST /api/workspace/invite-member - Status: 404 - Time: 4.45ms
[2026-04-02T08:33:36.711Z] INFO: Incoming Request: POST /api/workspaces/invite-member - IP: ::1 - Body: {"workspace_id":"69ce1530d1e4839037d7cfcd","members":["ahmed@example.com"]}
[2026-04-02T08:33:36.861Z] ERROR: Application Error: Invalid or expired token.
[2026-04-02T08:33:36.905Z] WARN: Outgoing Response: POST /api/workspaces/invite-member - Status: 401 - Time: 194.15ms
[2026-04-02T08:34:11.000Z] INFO: Incoming Request: POST /api/workspaces/invite-member - IP: ::1 - Body: {"workspace_id":"69ce1530d1e4839037d7cfcd","members":["ahmed@example.com"]}
[2026-04-02T08:34:11.140Z] ERROR: Application Error: Invalid or expired token.
[2026-04-02T08:34:11.143Z] WARN: Outgoing Response: POST /api/workspaces/invite-member - Status: 401 - Time: 143.12ms
[2026-04-02T08:34:18.447Z] INFO: Incoming Request: POST /api/auth/login - IP: ::1 - Body: {"email":"basim@example.com","password":"*****"}
[2026-04-02T08:34:19.008Z] INFO: Outgoing Response: POST /api/auth/login - Status: 200 - Time: 560.89ms
[2026-04-02T08:34:30.053Z] INFO: Incoming Request: POST /api/workspaces/invite-member - IP: ::1 - Body: {"workspace_id":"69ce1530d1e4839037d7cfcd","members":["ahmed@example.com"]}
[2026-04-02T08:34:30.479Z] ERROR: Application Error: Workspace not found.
[2026-04-02T08:34:30.489Z] WARN: Outgoing Response: POST /api/workspaces/invite-member - Status: 404 - Time: 435.82ms
[2026-04-02T08:34:47.484Z] INFO: Incoming Request: POST /api/workspaces/create - IP: ::1 - Body: {"name":"Azlana Workspaces","description":"Optional description"}
[2026-04-02T08:34:48.044Z] INFO: Outgoing Response: POST /api/workspaces/create - Status: 201 - Time: 560.01ms
[2026-04-02T08:34:57.018Z] INFO: Incoming Request: POST /api/workspaces/invite-member - IP: ::1 - Body: {"workspace_id":"69ce2a27f3109ba51e89aa76","members":["ahmed@example.com"]}
[2026-04-02T08:34:57.588Z] ERROR: Application Error: Failed to process some invitations.
[2026-04-02T08:34:57.604Z] WARN: Outgoing Response: POST /api/workspaces/invite-member - Status: 400 - Time: 585.97ms
[2026-04-02T08:35:26.759Z] INFO: Incoming Request: POST /api/workspaces/invite-member - IP: ::1 - Body: {"workspace_id":"69ce2a27f3109ba51e89aa76","members":["ahmed@example.com"]}
[2026-04-02T08:35:27.310Z] ERROR: Application Error: Failed to process some invitations.
[2026-04-02T08:35:27.315Z] WARN: Outgoing Response: POST /api/workspaces/invite-member - Status: 400 - Time: 556.41ms
[2026-04-02T08:37:52.953Z] INFO: Incoming Request: POST /api/workspaces/invite-member - IP: ::1 - Body: {"workspace_id":"69ce2a27f3109ba51e89aa76","members":["ahmedraza@example.com"]}
[2026-04-02T08:37:53.783Z] INFO: Outgoing Response: POST /api/workspaces/invite-member - Status: 200 - Time: 830.00ms
[2026-04-02T08:38:12.586Z] INFO: Incoming Request: POST /api/workspaces/invite-member - IP: ::1 - Body: {"workspace_id":"69ce2a27f3109ba51e89aa76","members":["user@example.com"]}
[2026-04-02T08:38:13.692Z] INFO: Outgoing Response: POST /api/workspaces/invite-member - Status: 200 - Time: 1105.73ms
[2026-04-02T08:38:58.796Z] INFO: Incoming Request: POST /api/workspaces/invite-member - IP: ::1 - Body: {"workspace_id":"69ce2a27f3109ba51e89aa76","members":["user@example.com"]}
[2026-04-02T08:38:59.482Z] ERROR: Application Error: Failed to process some invitations.
[2026-04-02T08:38:59.484Z] WARN: Outgoing Response: POST /api/workspaces/invite-member - Status: 400 - Time: 687.99ms
[2026-04-02T08:39:09.086Z] INFO: Incoming Request: POST /api/workspaces/invite-member - IP: ::1 - Body: {"workspace_id":"69ce2a27f3109ba51e89aa76","members":["amar@example.com"]}
[2026-04-02T08:39:10.187Z] INFO: Outgoing Response: POST /api/workspaces/invite-member - Status: 200 - Time: 1101.44ms
[2026-04-02T08:42:37.222Z] INFO: Server started on port 5000
[2026-04-02T08:42:50.501Z] INFO: Server started on port 5000
[2026-04-02T08:42:59.459Z] INFO: Server started on port 5000
[2026-04-02T08:43:46.652Z] INFO: Incoming Request: POST /api/workspaces/invite-member - IP: ::1 - Body: {"workspace_id":"69ce2a27f3109ba51e89aa76","members":["bhutta@example.com"]}
[2026-04-02T08:43:51.968Z] INFO: Outgoing Response: POST /api/workspaces/invite-member - Status: 200 - Time: 5316.23ms
[2026-04-02T08:44:58.118Z] INFO: Incoming Request: POST /api/auth/signup - IP: ::1 - Body: {"name":"bhutta","email":"bhutta@example.com","password":"*****"}
[2026-04-02T08:45:02.489Z] INFO: Outgoing Response: POST /api/auth/signup - Status: 201 - Time: 4371.63ms
[2026-04-02T08:45:18.753Z] INFO: Incoming Request: POST /api/auth/verify - IP: ::1 - Body: {"token":"*****"}
[2026-04-02T08:45:19.038Z] INFO: Outgoing Response: POST /api/auth/verify - Status: 200 - Time: 284.35ms
[2026-04-02T08:45:44.833Z] INFO: Incoming Request: POST /api/auth/login - IP: ::1 - Body: {"email":"bhutta@example.com","password":"*****"}
[2026-04-02T08:45:45.818Z] INFO: Outgoing Response: POST /api/auth/login - Status: 200 - Time: 985.05ms
[2026-04-02T08:47:25.606Z] INFO: Server started on port 5000
[2026-04-02T10:20:06.078Z] INFO: Server started on port 5000
[2026-04-02T10:53:53.657Z] INFO: Server started on port 5000
[2026-04-02T10:54:01.704Z] INFO: Server started on port 5000
[2026-04-02T10:58:20.445Z] INFO: Server started on port 5000
[2026-04-02T11:00:26.327Z] INFO: Server started on port 5000
[2026-04-02T11:00:44.537Z] INFO: Server started on port 5000
[2026-04-02T11:01:31.450Z] INFO: Server started on port 5000
[2026-04-02T11:02:10.748Z] INFO: Server started on port 5000
[2026-04-02T11:04:10.829Z] INFO: Incoming Request: POST /api/auth/login - IP: ::1 - Body: {"email":"bhutta@example.com","password":"*****"}
[2026-04-02T11:04:11.410Z] INFO: Outgoing Response: POST /api/auth/login - Status: 200 - Time: 580.50ms
[2026-04-02T11:15:05.751Z] INFO: Incoming Request: POST /api/workspaces/create - IP: ::1 - Body: {"name":"Basim Workspaces","description":"Optional description"}
[2026-04-02T11:15:06.215Z] ERROR: Application Error: A workspace with this name already exists.
[2026-04-02T11:15:06.218Z] WARN: Outgoing Response: POST /api/workspaces/create - Status: 400 - Time: 466.66ms
[2026-04-02T11:23:57.611Z] INFO: Server started on port 5000
[2026-04-02T11:24:04.487Z] INFO: Server started on port 5000
[2026-04-02T11:31:54.916Z] INFO: Server started on port 5000
[2026-04-02T11:32:17.185Z] INFO: Incoming Request: POST /api/workspaces/add-member - IP: ::1 - Body: {"workspace_id":"69ce2a27f3109ba51e89aa76","members":["69cd1164a75020cf47438a1"]}
[2026-04-02T11:32:17.586Z] ERROR: Unhandled Error: "members[0]" with value "69cd1164a75020cf47438a1" fails to match the required pattern: /^[0-9a-fA-F]{24}$/
Stack: ValidationError: "members[0]" with value "69cd1164a75020cf47438a1" fails to match the required pattern: /^[0-9a-fA-F]{24}$/
[2026-04-02T11:32:17.594Z] WARN: Outgoing Response: POST /api/workspaces/add-member - Status: 422 - Time: 408.57ms
[2026-04-02T11:32:24.754Z] INFO: Incoming Request: DELETE /api/workspaces/remove-member - IP: ::1 - Body: {"workspace_id":"69ce2a27f3109ba51e89aa76","members":["69cd1164a75020cf474308a1"]}
[2026-04-02T11:32:25.172Z] ERROR: Application Error: Access denied. Only the workspace owner can perform this action.
[2026-04-02T11:32:25.174Z] WARN: Outgoing Response: DELETE /api/workspaces/remove-member - Status: 403 - Time: 419.81ms
[2026-04-02T11:32:31.573Z] INFO: Incoming Request: POST /api/workspaces/invite-member - IP: ::1 - Body: {"workspace_id":"69ce2a27f3109ba51e89aa76","members":["bhutta@example.com"]}
[2026-04-02T11:32:31.711Z] ERROR: Application Error: Invalid or expired token.
[2026-04-02T11:32:31.713Z] WARN: Outgoing Response: POST /api/workspaces/invite-member - Status: 401 - Time: 140.53ms
[2026-04-02T11:32:45.920Z] INFO: Incoming Request: POST /api/workspaces/invite-member - IP: ::1 - Body: {"workspace_id":"69ce2a27f3109ba51e89aa76","members":["bhutta@example.com"]}
[2026-04-02T11:32:46.336Z] ERROR: Application Error: Access denied. Only the workspace owner can perform this action.
[2026-04-02T11:32:46.338Z] WARN: Outgoing Response: POST /api/workspaces/invite-member - Status: 403 - Time: 418.28ms
[2026-04-02T11:33:12.712Z] INFO: Incoming Request: POST /api/workspaces/create - IP: ::1 - Body: {"name":"Basim Workspaces","description":"Optional description"}
[2026-04-02T11:33:13.128Z] ERROR: Application Error: A workspace with this name already exists.
[2026-04-02T11:33:13.130Z] WARN: Outgoing Response: POST /api/workspaces/create - Status: 400 - Time: 418.39ms
[2026-04-02T11:33:27.428Z] INFO: Incoming Request: POST /api/workspaces/create - IP: ::1 - Body: {"name":"Ali Workspaces","description":"Optional description"}
[2026-04-02T11:33:27.999Z] INFO: Outgoing Response: POST /api/workspaces/create - Status: 201 - Time: 571.60ms
[2026-04-02T11:33:41.380Z] INFO: Incoming Request: POST /api/workspaces/invite-member - IP: ::1 - Body: {"workspace_id":"69ce5407f2c7f0ec27492e40","members":["bhutta@example.com"]}
[2026-04-02T11:33:41.946Z] ERROR: Application Error: Failed to process some invitations.
[2026-04-02T11:33:41.950Z] WARN: Outgoing Response: POST /api/workspaces/invite-member - Status: 400 - Time: 570.23ms
[2026-04-02T11:34:03.237Z] INFO: Incoming Request: POST /api/workspaces/invite-member - IP: ::1 - Body: {"workspace_id":"69ce5407f2c7f0ec27492e40","members":["ahmed@example.com"]}
[2026-04-02T11:34:03.791Z] ERROR: Application Error: Failed to process some invitations.
[2026-04-02T11:34:03.794Z] WARN: Outgoing Response: POST /api/workspaces/invite-member - Status: 400 - Time: 557.23ms
[2026-04-02T11:34:16.105Z] INFO: Incoming Request: POST /api/workspaces/invite-member - IP: ::1 - Body: {"workspace_id":"69ce5407f2c7f0ec27492e40","members":["ahmedraza@example.com"]}
[2026-04-02T11:34:16.956Z] INFO: Outgoing Response: POST /api/workspaces/invite-member - Status: 200 - Time: 851.78ms
[2026-04-02T11:34:32.175Z] INFO: Incoming Request: POST /api/workspaces/invite-member - IP: ::1 - Body: {"workspace_id":"69ce5407f2c7f0ec27492e40","members":["waqar@example.com"]}
[2026-04-02T11:34:33.316Z] INFO: Outgoing Response: POST /api/workspaces/invite-member - Status: 200 - Time: 1140.17ms
[2026-04-02T11:36:08.930Z] INFO: Incoming Request: POST /api/workspaces/invite-member - IP: ::1 - Body: {"workspace_id":"69ce5407f2c7f0ec27492e40","members":["waqa@example.com"]}
[2026-04-02T11:36:10.133Z] INFO: Outgoing Response: POST /api/workspaces/invite-member - Status: 200 - Time: 1202.73ms
[2026-04-02T11:36:56.410Z] INFO: Server started on port 5000
[2026-04-02T11:37:01.313Z] INFO: Server started on port 5000
[2026-04-02T11:37:09.858Z] INFO: Server started on port 5000
[2026-04-02T11:37:18.942Z] INFO: Server started on port 5000
[2026-04-02T11:37:23.429Z] INFO: Server started on port 5000
[2026-04-02T11:37:48.142Z] INFO: Incoming Request: POST /api/workspaces/invite-member - IP: ::1 - Body: {"workspace_id":"69ce5407f2c7f0ec27492e40","members":["naeem@example.com"]}
[2026-04-02T11:37:49.329Z] INFO: Outgoing Response: POST /api/workspaces/invite-member - Status: 200 - Time: 1186.84ms
[2026-04-02T11:38:16.085Z] INFO: Incoming Request: POST /api/workspaces/invite-member - IP: ::1 - Body: {"workspace_id":"69ce5407f2c7f0ec27492e40","members":["zainulabid@example.com"]}
[2026-04-02T11:38:21.448Z] INFO: Outgoing Response: POST /api/workspaces/invite-member - Status: 200 - Time: 5362.86ms
[2026-04-02T11:51:33.138Z] INFO: Incoming Request: POST /api/auth/signup - IP: ::1 - Body: {"name":"Zain ul Abid","email":"zainulabid@example.com","password":"*****"}
[2026-04-02T11:51:37.825Z] INFO: Outgoing Response: POST /api/auth/signup - Status: 201 - Time: 4687.10ms
[2026-04-02T11:53:28.899Z] INFO: Incoming Request: POST /api/auth/login - IP: ::1 - Body: {"email":"zainulabid@example.com","password":"*****"}
[2026-04-02T11:53:29.262Z] ERROR: Application Error: Please verify your email address before logging in.
[2026-04-02T11:53:29.266Z] WARN: Outgoing Response: POST /api/auth/login - Status: 403 - Time: 366.53ms
[2026-04-02T11:53:34.220Z] INFO: Incoming Request: POST /api/auth/verify - IP: ::1 - Body: {"token":"*****"}
[2026-04-02T11:53:34.501Z] INFO: Outgoing Response: POST /api/auth/verify - Status: 200 - Time: 280.39ms
[2026-04-02T11:56:54.955Z] INFO: Server started on port 5000
[2026-04-02T11:57:29.619Z] INFO: Server started on port 5000
[2026-04-02T11:58:30.475Z] INFO: Server started on port 5000
[2026-04-02T11:58:56.237Z] INFO: Server started on port 5000
[2026-04-02T11:59:47.886Z] INFO: Incoming Request: POST /api/workspaces/invite-member - IP: ::1 - Body: {"workspace_id":"69ce5407f2c7f0ec27492e40","members":["uzairraza@example.com"]}
[2026-04-02T11:59:53.317Z] INFO: Outgoing Response: POST /api/workspaces/invite-member - Status: 200 - Time: 5430.67ms
[2026-04-02T12:02:30.370Z] INFO: Server started on port 5000
[2026-04-02T12:02:41.043Z] INFO: Incoming Request: POST /api/workspaces/invite-member - IP: ::1 - Body: {"workspace_id":"69ce5407f2c7f0ec27492e40","members":["uzairaza@example.com"]}
[2026-04-02T12:02:47.113Z] INFO: Outgoing Response: POST /api/workspaces/invite-member - Status: 200 - Time: 6070.27ms
[2026-04-02T12:05:46.801Z] INFO: Server started on port 5000
[2026-04-02T12:06:10.100Z] INFO: Server started on port 5000
[2026-04-02T12:06:12.323Z] INFO: Incoming Request: POST /api/workspaces/invite-member - IP: ::1 - Body: {"workspace_id":"69ce5407f2c7f0ec27492e40","members":["uzairaza@example.com"]}
[2026-04-02T12:06:12.507Z] ERROR: Application Error: Invalid or expired token.
[2026-04-02T12:06:12.518Z] WARN: Outgoing Response: POST /api/workspaces/invite-member - Status: 401 - Time: 194.70ms
[2026-04-02T12:06:20.803Z] INFO: Incoming Request: POST /api/workspaces/invite-member - IP: ::1 - Body: {"workspace_id":"69ce5407f2c7f0ec27492e40","members":["uzairza@example.com"]}
[2026-04-02T12:06:20.945Z] ERROR: Application Error: Invalid or expired token.
[2026-04-02T12:06:20.948Z] WARN: Outgoing Response: POST /api/workspaces/invite-member - Status: 401 - Time: 144.81ms
[2026-04-02T12:06:26.406Z] INFO: Incoming Request: POST /api/auth/login - IP: ::1 - Body: {"email":"zainulabid@example.com","password":"*****"}
[2026-04-02T12:06:27.404Z] INFO: Outgoing Response: POST /api/auth/login - Status: 200 - Time: 997.60ms
[2026-04-02T12:06:38.120Z] INFO: Incoming Request: POST /api/auth/login - IP: ::1 - Body: {"email":"bhutta@example.com","password":"*****"}
[2026-04-02T12:06:38.784Z] INFO: Outgoing Response: POST /api/auth/login - Status: 200 - Time: 663.19ms
[2026-04-02T12:06:55.387Z] INFO: Incoming Request: POST /api/workspaces/invite-member - IP: ::1 - Body: {"workspace_id":"69ce5407f2c7f0ec27492e40","members":["uzairza@example.com"]}
[2026-04-02T12:07:00.925Z] INFO: Outgoing Response: POST /api/workspaces/invite-member - Status: 200 - Time: 5537.40ms
[2026-04-02T12:07:43.603Z] INFO: Incoming Request: GET /api/auth/signup - IP: ::1 - Body: {}
[2026-04-02T12:07:43.626Z] WARN: Outgoing Response: GET /api/auth/signup - Status: 404 - Time: 23.17ms
[2026-04-02T12:10:16.620Z] INFO: Server started on port 5000
[2026-04-02T12:11:19.244Z] INFO: Incoming Request: POST /api/auth/signup - IP: ::1 - Body: {"name":"Zain ul Abid","email":"zainul@example.com","password":"*****"}
[2026-04-02T12:11:19.403Z] ERROR: Application Error: User already exists.
[2026-04-02T12:11:19.411Z] WARN: Outgoing Response: POST /api/auth/signup - Status: 400 - Time: 167.78ms
[2026-04-02T12:11:25.454Z] INFO: Incoming Request: POST /api/auth/signup - IP: ::1 - Body: {"name":"Zain ul Abid","email":"zain1@example.com","password":"*****"}
[2026-04-02T12:11:29.989Z] INFO: Outgoing Response: POST /api/auth/signup - Status: 201 - Time: 4535.26ms
[2026-04-02T12:11:43.898Z] INFO: Incoming Request: POST /api/workspaces/invite-member - IP: ::1 - Body: {"workspace_id":"69ce5407f2c7f0ec27492e40","members":["zain1@example.com"]}
[2026-04-02T12:11:44.459Z] ERROR: Application Error: Failed to process some invitations.
[2026-04-02T12:11:44.461Z] WARN: Outgoing Response: POST /api/workspaces/invite-member - Status: 400 - Time: 562.80ms
[2026-04-02T12:12:02.036Z] INFO: Incoming Request: POST /api/workspaces/invite-member - IP: ::1 - Body: {"workspace_id":"69ce5407f2c7f0ec27492e40","members":["zainzain@example.com"]}
[2026-04-02T12:12:07.474Z] INFO: Outgoing Response: POST /api/workspaces/invite-member - Status: 200 - Time: 5437.59ms
[2026-04-02T12:12:59.216Z] INFO: Incoming Request: POST /api/auth/signup - IP: ::1 - Body: {"name":"Zain ul Abid","email":"zainzain@example.com","password":"*****"}
[2026-04-02T12:13:03.700Z] INFO: Outgoing Response: POST /api/auth/signup - Status: 201 - Time: 4484.47ms
[2026-04-02T12:16:52.960Z] INFO: Server started on port 5000
[2026-04-02T12:24:23.629Z] INFO: Server started on port 5000
[2026-04-02T12:25:46.531Z] INFO: Incoming Request: POST /api/auth/login - IP: ::1 - Body: {"email":"bhutta@example.com","password":"*****"}
[2026-04-02T12:25:47.227Z] INFO: Outgoing Response: POST /api/auth/login - Status: 200 - Time: 695.34ms
[2026-04-02T12:26:10.845Z] INFO: Incoming Request: POST /api/workspaces/invite-member - IP: ::1 - Body: {"workspace_id":"69ce5407f2c7f0ec27492e40","members":["ahmad@example.com"]}
[2026-04-02T12:26:16.551Z] INFO: Outgoing Response: POST /api/workspaces/invite-member - Status: 200 - Time: 5706.49ms
[2026-04-02T12:27:07.539Z] INFO: Server started on port 5000
[2026-04-02T12:27:57.657Z] INFO: Incoming Request: POST /api/auth/signup - IP: ::1 - Body: {"name":"Ahmed","email":"ahmad@example.com","password":"*****"}
[2026-04-02T12:28:02.709Z] INFO: Outgoing Response: POST /api/auth/signup - Status: 201 - Time: 5051.86ms
[2026-04-02T12:28:28.715Z] INFO: Incoming Request: POST /api/auth/verify - IP: ::1 - Body: {"token":"*****"}
[2026-04-02T12:28:29.013Z] INFO: Outgoing Response: POST /api/auth/verify - Status: 200 - Time: 298.36ms
[2026-04-06T13:55:16.139Z] ERROR: Invalid or expired token.
Stack: Error: Invalid or expired token.
    at C:\Users\ahsan\Desktop\nodejs-chatapp\src\middlewares\auth\CheckTokenMiddleware.js:18:21
    at process.processTicksAndRejections (node:internal/process/task_queues:103:5)
[2026-04-06T13:55:16.242Z] WARN: POST /api/teams/add-member - Status: 401 - Time: 272ms
[2026-04-07T07:19:02.271Z] INFO: MongoDB Connected...
[2026-04-07T07:19:02.304Z] INFO: Server started on port 5000
[2026-04-07T07:19:16.120Z] ERROR: Invalid or expired token.
Stack: Error: Invalid or expired token.
    at C:\Users\ahsan\Desktop\nodejs-chatapp\src\middlewares\auth\CheckTokenMiddleware.js:18:21
    at process.processTicksAndRejections (node:internal/process/task_queues:103:5)
[2026-04-07T07:19:16.311Z] WARN: POST /api/teams/add-member - Status: 401 - Time: 377ms
[2026-04-07T07:19:53.211Z] INFO: POST /api/auth/login - Status: 200 - Time: 727ms
[2026-04-07T07:20:25.421Z] ERROR: Invalid or expired token.
Stack: Error: Invalid or expired token.
    at C:\Users\ahsan\Desktop\nodejs-chatapp\src\middlewares\auth\CheckTokenMiddleware.js:18:21
    at process.processTicksAndRejections (node:internal/process/task_queues:103:5)
[2026-04-07T07:20:25.432Z] WARN: POST /api/workspaces/create - Status: 401 - Time: 170ms
[2026-04-07T07:20:42.192Z] ERROR: Invalid or expired token.
Stack: Error: Invalid or expired token.
    at C:\Users\ahsan\Desktop\nodejs-chatapp\src\middlewares\auth\CheckTokenMiddleware.js:18:21
    at process.processTicksAndRejections (node:internal/process/task_queues:103:5)
[2026-04-07T07:20:42.201Z] WARN: POST /api/workspaces/create - Status: 401 - Time: 165ms
[2026-04-07T07:21:15.098Z] INFO: POST /api/workspaces/create - Status: 200 - Time: 639ms
[2026-04-07T07:21:53.895Z] INFO: POST /api/teams/create - Status: 201 - Time: 916ms
[2026-04-07T07:22:39.820Z] ERROR: Access denied. Only the workspace creator can manage teams.
Stack: Error: Access denied. Only the workspace creator can manage teams.
    at C:\Users\ahsan\Desktop\nodejs-chatapp\src\middlewares\team\CheckWorkspaceCreatorTeam.js:16:21
    at process.processTicksAndRejections (node:internal/process/task_queues:103:5)
[2026-04-07T07:22:39.825Z] WARN: POST /api/teams/add-member - Status: 403 - Time: 706ms
[2026-04-07T07:37:40.078Z] INFO: MongoDB Connected...
[2026-04-07T07:37:40.117Z] INFO: Server started on port 5000
[2026-04-07T07:40:18.622Z] INFO: MongoDB Connected...
[2026-04-07T07:40:18.653Z] INFO: Server started on port 5000
[2026-04-07T07:40:22.683Z] ERROR: Cannot read properties of undefined (reading 'toString')
Stack: TypeError: Cannot read properties of undefined (reading 'toString')
    at C:\Users\ahsan\Desktop\nodejs-chatapp\src\middlewares\team\CheckTeamExists.js:23:66
    at process.processTicksAndRejections (node:internal/process/task_queues:103:5)
[2026-04-07T07:40:22.779Z] WARN: POST /api/teams/add-member - Status: 500 - Time: 775ms
[2026-04-07T07:40:50.530Z] INFO: MongoDB Connected...
[2026-04-07T07:40:50.577Z] INFO: Server started on port 5000
[2026-04-07T07:41:00.072Z] ERROR: Cannot read properties of undefined (reading 'toString')
Stack: TypeError: Cannot read properties of undefined (reading 'toString')
    at C:\Users\ahsan\Desktop\nodejs-chatapp\src\middlewares\team\CheckTeamExists.js:23:66
    at process.processTicksAndRejections (node:internal/process/task_queues:103:5)
[2026-04-07T07:41:00.163Z] WARN: POST /api/teams/add-member - Status: 500 - Time: 842ms
[2026-04-07T07:46:07.161Z] ERROR: Cannot read properties of undefined (reading 'toString')
Stack: TypeError: Cannot read properties of undefined (reading 'toString')
    at C:\Users\ahsan\Desktop\nodejs-chatapp\src\middlewares\team\CheckTeamExists.js:23:66
    at process.processTicksAndRejections (node:internal/process/task_queues:103:5)
[2026-04-07T07:46:07.169Z] WARN: POST /api/teams/add-member - Status: 500 - Time: 659ms
[2026-04-07T07:56:44.959Z] INFO: MongoDB Connected...
[2026-04-07T07:56:44.991Z] INFO: Server started on port 5000
[2026-04-07T08:00:30.230Z] INFO: MongoDB Connected...
[2026-04-07T08:00:30.266Z] INFO: Server started on port 5000
[2026-04-07T08:00:53.956Z] ERROR: One or more members are not part of the workspace.
Stack: Error: One or more members are not part of the workspace.
    at C:\Users\ahsan\Desktop\nodejs-chatapp\src\middlewares\team\CheckWorkspaceMemberTeam.js:22:21
    at process.processTicksAndRejections (node:internal/process/task_queues:103:5)
[2026-04-07T08:00:54.680Z] WARN: POST /api/teams/add-member - Status: 400 - Time: 1681ms
[2026-04-07T08:01:13.850Z] INFO: MongoDB Connected...
[2026-04-07T08:01:13.880Z] INFO: Server started on port 5000
[2026-04-07T08:01:58.832Z] ERROR: One or more members are not part of the workspace.
Stack: Error: One or more members are not part of the workspace.
    at C:\Users\ahsan\Desktop\nodejs-chatapp\src\middlewares\team\CheckWorkspaceMemberTeam.js:22:21
    at process.processTicksAndRejections (node:internal/process/task_queues:103:5)
[2026-04-07T08:01:58.922Z] WARN: POST /api/teams/add-member - Status: 400 - Time: 1018ms
[2026-04-07T08:03:40.503Z] INFO: POST /api/teams/create - Status: 201 - Time: 824ms
[2026-04-07T08:04:00.916Z] INFO: POST /api/teams/add-member - Status: 200 - Time: 1209ms
[2026-04-07T08:04:41.748Z] INFO: PUT /api/teams/update - Status: 200 - Time: 969ms
[2026-04-07T08:04:58.661Z] INFO: GET /api/teams/read - Status: 200 - Time: 956ms
[2026-04-07T08:05:47.494Z] ERROR: Members already in team: 69c4e3ddb98704ef693cb668
Stack: Error: Members already in team: 69c4e3ddb98704ef693cb668
    at C:\Users\ahsan\Desktop\nodejs-chatapp\src\middlewares\team\CheckTeamMemberExists.js:15:21
    at C:\Users\ahsan\Desktop\nodejs-chatapp\src\middlewares\Validate.js:22:19
    at Layer.handle [as handle_request] (C:\Users\ahsan\Desktop\nodejs-chatapp\node_modules\express\lib\router\layer.js:95:5)
    at next (C:\Users\ahsan\Desktop\nodejs-chatapp\node_modules\express\lib\router\route.js:149:13)
    at C:\Users\ahsan\Desktop\nodejs-chatapp\src\middlewares\team\CheckTeamExists.js:34:5
    at process.processTicksAndRejections (node:internal/process/task_queues:103:5)
[2026-04-03T06:51:54.039Z] WARN: POST /api/channels/create - Status: 409 - Time: 907ms
[2026-04-06T11:37:29.633Z] INFO: MongoDB Connected...
[2026-04-06T11:37:29.701Z] INFO: Server started on port 5000
[2026-04-06T11:38:26.619Z] INFO: MongoDB Connected...
[2026-04-06T11:38:26.647Z] INFO: Server started on port 5000
[2026-04-07T11:08:25.476Z] INFO: MongoDB Connected...
[2026-04-07T11:08:25.524Z] INFO: Server started on port 5000
